<?xml version="1.0" encoding="UTF-8"?>
<!-- Generated by org.testng.reporters.JUnitReportReporter -->
<testsuite hostname="DESKTOP-L3R0ABI" failures="0" tests="4" name="api.test.UserTests" time="10.538" errors="0" timestamp="2024-02-25T02:09:54 IST" skipped="0">
  <testcase classname="api.test.UserTests" name="testPostUser" time="5.612"/>
  <system-out/>
  <testcase classname="api.test.UserTests" name="testGetUserByName" time="1.239"/>
  <system-out/>
  <testcase classname="api.test.UserTests" name="testUpdateUserByName" time="2.455"/>
  <system-out/>
  <testcase classname="api.test.UserTests" name="testDeleteUserByName" time="1.232"/>
  <system-out/>
</testsuite> <!-- api.test.UserTests -->
