<?xml version="1.0" encoding="UTF-8"?>
<!-- Generated by org.testng.reporters.JUnitReportReporter -->
<testsuite hostname="DESKTOP-L3R0ABI" failures="0" tests="6" name="api.test.DDTests" time="7.116" errors="0" timestamp="2024-02-25T00:44:00 IST" skipped="0">
  <testcase classname="api.test.DDTests" name="testPostuser" time="1.138"/>
  <system-out/>
  <testcase classname="api.test.DDTests" name="testPostuser" time="1.168"/>
  <system-out/>
  <testcase classname="api.test.DDTests" name="testPostuser" time="1.241"/>
  <system-out/>
  <testcase classname="api.test.DDTests" name="testDeleteUserByName" time="1.177"/>
  <system-out/>
  <testcase classname="api.test.DDTests" name="testDeleteUserByName" time="1.214"/>
  <system-out/>
  <testcase classname="api.test.DDTests" name="testDeleteUserByName" time="1.178"/>
  <system-out/>
</testsuite> <!-- api.test.DDTests -->
