<?xml version="1.0" encoding="UTF-8"?>
<!-- Generated by org.testng.reporters.JUnitReportReporter -->
<testsuite hostname="DESKTOP-L3R0ABI" failures="0" tests="4" name="api.test.UserTests2" time="9.908" errors="0" timestamp="2024-02-27T01:40:59 IST" skipped="0">
  <testcase classname="api.test.UserTests2" name="testPostUser" time="5.095"/>
  <system-out/>
  <testcase classname="api.test.UserTests2" name="testGetUserByName" time="1.240"/>
  <system-out/>
  <testcase classname="api.test.UserTests2" name="testUpdateUserByName" time="2.412"/>
  <system-out/>
  <testcase classname="api.test.UserTests2" name="testDeleteUserByName" time="1.161"/>
  <system-out/>
</testsuite> <!-- api.test.UserTests2 -->
